----------------------------------------------------------------------------------------------
---> Iniciando processo de Extração das Referências.
---> 06/05/2020 18:09:10 ---[ work ] extraindo referência [Badr, Y., & Caplat, G. (2010). Software-as-a- service and versionology: Towards innovative service differentiation. 24th IEEE International Conference on Advanced Information Networking and Applications (pp. 237 –243). IEEE.]
---> 06/05/2020 18:09:10 ---[  ok  ] referência extraída com sucesso! [@inproceedings{Badr_2010,
 doi = {10.1109/aina.2010.131},
 url = {https://doi.org/10.1109%2Faina.2010.131},
 year = 2010,
 publisher = {{IEEE}},
 author = {Youakim Badr and Guy Caplat},
 title = {Software-as-a-Service and Versionology: Towards Innovative Service Differentiation},
 booktitle = {2010 24th {IEEE} International Conference on Advanced Information Networking and Applications}
}]
---> 06/05/2020 18:09:10 ---[ work ] extraindo referência [Banerjee, P., Friedrich, R., Bash, C., Goldsack, P., Huberman, B., & Manley, J. (2011, March). Everything as a service: Powering the new in- formation economy. Computer, 44(3), 36–43. doi:10.1109/MC.2011.67.]
---> 06/05/2020 18:09:10 ---[  ok  ] referência extraída com sucesso! [@article{Banerjee_2011,
 doi = {10.1109/mc.2011.67},
 url = {https://doi.org/10.1109%2Fmc.2011.67},
 year = 2011,
 month = {mar},
 publisher = {Institute of Electrical and Electronics Engineers ({IEEE})},
 volume = {44},
 number = {3},
 pages = {36--43},
 author = {Prith Banerjee and Richard Friedrich and Cullen Bash and Patrick Goldsack and Bernardo Huberman and John Manley and Chandrakant Patel and Parthasarathy Ranganathan and Alistair Veitch},
 title = {Everything as a Service: Powering the New Information Economy},
 journal = {Computer}
}]
---> 06/05/2020 18:09:10 ---[ work ] extraindo referência [Burg, S., Jonge, M., Dolstra, E., & Visser, E. (2009). Software deployment in a dynamic cloud: From device to service orientation in a hospital environment. ICSE Workshop Software Engineer- ing Challenges of Cloud Computing (pp. 61-66). ACM.]
---> 06/05/2020 18:09:10 ---[  ok  ] referência extraída com sucesso! [@inproceedings{van_der_Burg_2009,
 doi = {10.1109/cloud.2009.5071534},
 url = {https://doi.org/10.1109%2Fcloud.2009.5071534},
 year = 2009,
 publisher = {{IEEE}},
 author = {Sander van der Burg and Merijn de Jonge and Eelco Dolstra and Eelco Visser},
 title = {Software deployment in a dynamic cloud: From device to service orientation in a hospital environment},
 booktitle = {2009 {ICSE} Workshop on Software Engineering Challenges of Cloud Computing}
}]
