+----------------------------------------------------------+
|     Inciando script de conversão de arquivos (JabRef)    |
+----------------------------------------------------------+
---> Golooba2013 - 10.1109/ICRIIS.2013.6716735
---> Fu2013 - 10.1109/ICSSI.2013.51
---> Freiling2013 - 10.1109/HICSS.2013.393
---> Dorn2013 - 10.1109/HICSS.2013.56
---> Diaz2013 - 10.1109/CBI.2013.32
---> Bandyopadhyay2013 - 10.1109/ICCNC.2013.6504105
---> Zhang2012 - 10.1109/CEC.2012.22
---> Wang2012 - 10.1109/IJCSS.2012.70
---> Schwarz2012 - 10.1109/SRII.2012.116
---> Raeisaenen2012 - 10.1109/SRII.2012.32
---> [erro] Pandey2012 - artigo nao possui DOI, ele foi removido da conversao
---> Nguyen2012 - 10.1109/ICSSSM.2012.6252346
---> Lin2012 - 10.1109/SOLI.2012.6273558
---> Kosaka2012 - 10.1109/ICSSSM.2012.6252335
---> Konno2012 - 10.1109/ICSSSM.2012.6252338
---> Forrester2012 - 10.1109/QUATIC.2012.23
------------------------------------------------------------
---> Finalizando preparação do arquivo base.
