----------------------------------------------------------
-- Seja bem vindo ao RodiBot, o que deseja que eu faça? --
----------------------------------------------------------
--> [1] Download de aquivos (exibe browser para leitura do captcha)
--> [2] Download de aquivos (exibe apenas imagem para leitura do captcha)
--> [3] Download de aquivos (não solicita o input do catcha, quando detectado)
--> [0] Finalizar o Bot
----------------------------------------------------------
----------------------------------------------------------
---> Inicializando tentativa [1] de downloads dos arquivos.
---> 04/03/2019 12:57:22 ---[ ok ] Arquivo baixado com sucesso com identificador [Ismail2010.pdf]
---> 04/03/2019 12:57:24 ---[ ok ] Arquivo baixado com sucesso com identificador [Hsieh2010a.pdf]
---> 04/03/2019 12:57:26 ---[ ok ] Arquivo baixado com sucesso com identificador [Hsieh2010.pdf]
---> 04/03/2019 12:57:27 ---[ ok ] Arquivo baixado com sucesso com identificador [Cao2010.pdf]
---> 04/03/2019 12:57:40 ---[ ok ] Arquivo baixado com sucesso com identificador [Zhang2009.pdf]
---> 04/03/2019 12:57:42 ---[ ok ] Arquivo baixado com sucesso com identificador [Schmidt2009.pdf]
---> 04/03/2019 12:57:44 ---[ ok ] Arquivo baixado com sucesso com identificador [Chou2009.pdf]
---> 04/03/2019 12:57:55 ---[ ok ] Arquivo baixado com sucesso com identificador [Brocke2009.pdf]
---> 04/03/2019 12:58:06 ---[ ok ] Arquivo baixado com sucesso com identificador [Yu2008.pdf]
---> 04/03/2019 12:58:08 ---[ ok ] Arquivo baixado com sucesso com identificador [Raweewan2008.pdf]
---> 04/03/2019 12:58:08 ---[ ok ] Arquivo baixado com sucesso com identificador [Miles2008.pdf]
---> 04/03/2019 12:58:09 ---[ ok ] Arquivo baixado com sucesso com identificador [Lusch2008.pdf]
---> 04/03/2019 12:58:23 ---[ ok ] Arquivo baixado com sucesso com identificador [Kudithipudi2008.pdf]
---> 04/03/2019 12:58:36 ---[ ok ] Arquivo baixado com sucesso com identificador [Li2007.pdf]
---> 04/03/2019 12:58:37 ---[ ok ] Arquivo baixado com sucesso com identificador [Choi2007.pdf]
---> 04/03/2019 12:58:39 ---[ ok ] Arquivo baixado com sucesso com identificador [Brady2007.pdf]
---> 04/03/2019 12:58:40 ---[ ok ] Arquivo baixado com sucesso com identificador [Jung2005.pdf]
---> 04/03/2019 12:58:41 ---[ ok ] Arquivo baixado com sucesso com identificador [Subramonian2004.pdf]
---> 04/03/2019 12:58:52 ---[erro] Falha: 10.1109/ICVD.2004.1260930 (url) captcha informado esta incorreto
---> 04/03/2019 12:59:02 ---[ ok ] Arquivo baixado com sucesso com identificador [Greenwood2004.pdf]
---> 04/03/2019 12:59:11 ---[erro] Falha: 10.1109/WISE.2003.1254510 (url) captcha informado esta incorreto
----------------------------------------------------------
---> Inicializando tentativa [2] de downloads dos arquivos.
---> 04/03/2019 12:59:20 ---[erro] Falha: 10.1109/ICVD.2004.1260930 (url) captcha informado esta incorreto
---> 04/03/2019 12:59:31 ---[ ok ] Arquivo baixado com sucesso com identificador [Orriens2003.pdf]
----------------------------------------------------------
---> Inicializando tentativa [3] de downloads dos arquivos.
---> 04/03/2019 12:59:33 ---[ ok ] Arquivo baixado com sucesso com identificador [Rao2004.pdf]
----------------------------------------------------------
---> Encerrando processo de download de arquivo.
