----------------------------------------------------------------------------------------------
---> Iniciando processo de tradução dos arquivos. (timer 6 seg.)
----------------------------------------------------------------------------------------------
---> Processando tradução do arquivo [2018-Tripathi et al].
-----> traduzindo texto [1]
-----> traduzindo texto [2]
-----> traduzindo texto [3]
-----> traduzindo texto [4]
-----> traduzindo texto [5]
-----> traduzindo texto [6]
-----> traduzindo texto [7]
-----> traduzindo texto [8]
-----> traduzindo texto [9]
-----> traduzindo texto [10]
-----> traduzindo texto [11]
-----> traduzindo texto [12]
-----> traduzindo texto [13]
-----> traduzindo texto [14]
-----> traduzindo texto [15]
-----> traduzindo texto [16]
-----> traduzindo texto [17]
-----> traduzindo texto [18]
-----> traduzindo texto [19]
-----> traduzindo texto [20]
-----> traduzindo texto [21]
-----> traduzindo texto [22]
-----> traduzindo texto [23]
-----> traduzindo texto [24]
-----> traduzindo texto [25]
-----> traduzindo texto [26]
-----> traduzindo texto [27]
-----> traduzindo texto [28]
-----> traduzindo texto [29]
-----> traduzindo texto [30]
-----> traduzindo texto [31]
-----> traduzindo texto [32]
-----> traduzindo texto [33]
-----> traduzindo texto [34]
-----> linha em branco: [35]
-----> traduzindo texto [36]
-----> traduzindo texto [37]
-----> traduzindo texto [38]
-----> traduzindo texto [39]
-----> traduzindo texto [40]
-----> traduzindo texto [41]
-----> traduzindo texto [42]
-----> traduzindo texto [43]
-----> traduzindo texto [44]
-----> traduzindo texto [45]
-----> traduzindo texto [46]
-----> traduzindo texto [47]
-----> traduzindo texto [48]
-----> traduzindo texto [49]
-----> traduzindo texto [50]
-----> traduzindo texto [51]
-----> traduzindo texto [52]
-----> traduzindo texto [53]
-----> traduzindo texto [54]
-----> traduzindo texto [55]
-----> traduzindo texto [56]
-----> traduzindo texto [57]
-----> traduzindo texto [58]
-----> traduzindo texto [59]
-----> traduzindo texto [60]
-----> traduzindo texto [61]
-----> traduzindo texto [62]
-----> traduzindo texto [63]
-----> traduzindo texto [64]
-----> traduzindo texto [65]
-----> traduzindo texto [66]
-----> traduzindo texto [67]
-----> traduzindo texto [68]
-----> traduzindo texto [69]
-----> traduzindo texto [70]
-----> traduzindo texto [71]
-----> traduzindo texto [72]
-----> traduzindo texto [73]
-----> traduzindo texto [74]
-----> traduzindo texto [75]
-----> traduzindo texto [76]
-----> traduzindo texto [77]
-----> traduzindo texto [78]
-----> traduzindo texto [79]
-----> traduzindo texto [80]
-----> traduzindo texto [81]
-----> traduzindo texto [82]
-----> traduzindo texto [83]
-----> traduzindo texto [84]
-----> traduzindo texto [85]
-----> traduzindo texto [86]
-----> traduzindo texto [87]
-----> traduzindo texto [88]
-----> traduzindo texto [89]
-----> traduzindo texto [90]
-----> traduzindo texto [91]
-----> traduzindo texto [92]
-----> traduzindo texto [93]
-----> traduzindo texto [94]
-----> traduzindo texto [95]
-----> traduzindo texto [96]
-----> traduzindo texto [97]
-----> traduzindo texto [98]
-----> traduzindo texto [99]
-----> traduzindo texto [100]
-----> traduzindo texto [101]
-----> traduzindo texto [102]
-----> traduzindo texto [103]
-----> traduzindo texto [104]
-----> traduzindo texto [105]
-----> traduzindo texto [106]
-----> traduzindo texto [107]
-----> traduzindo texto [108]
-----> traduzindo texto [109]
-----> traduzindo texto [110]
-----> traduzindo texto [111]
-----> traduzindo texto [112]
-----> traduzindo texto [113]
-----> traduzindo texto [114]
-----> traduzindo texto [115]
-----> traduzindo texto [116]
-----> traduzindo texto [117]
-----> traduzindo texto [118]
-----> traduzindo texto [119]
-----> traduzindo texto [120]
-----> traduzindo texto [121]
-----> linha em branco: [122]
-----> traduzindo texto [123]
-----> traduzindo texto [124]
-----> traduzindo texto [125]
-----> traduzindo texto [126]
-----> traduzindo texto [127]
-----> traduzindo texto [128]
-----> traduzindo texto [129]
-----> traduzindo texto [130]
-----> traduzindo texto [131]
-----> traduzindo texto [132]
-----> traduzindo texto [133]
-----> traduzindo texto [134]
-----> traduzindo texto [135]
-----> traduzindo texto [136]
-----> traduzindo texto [137]
-----> traduzindo texto [138]
-----> traduzindo texto [139]
-----> traduzindo texto [140]
-----> traduzindo texto [141]
-----> traduzindo texto [142]
-----> traduzindo texto [143]
-----> traduzindo texto [144]
-----> traduzindo texto [145]
-----> traduzindo texto [146]
-----> traduzindo texto [147]
-----> traduzindo texto [148]
-----> traduzindo texto [149]
-----> traduzindo texto [150]
-----> traduzindo texto [151]
-----> traduzindo texto [152]
-----> traduzindo texto [153]
-----> traduzindo texto [154]
-----> traduzindo texto [155]
-----> traduzindo texto [156]
-----> traduzindo texto [157]
-----> traduzindo texto [158]
-----> traduzindo texto [159]
-----> traduzindo texto [160]
-----> traduzindo texto [161]
-----> traduzindo texto [162]
-----> traduzindo texto [163]
-----> traduzindo texto [164]
-----> traduzindo texto [165]
-----> traduzindo texto [166]
-----> traduzindo texto [167]
-----> traduzindo texto [168]
-----> traduzindo texto [169]
-----> traduzindo texto [170]
-----> traduzindo texto [171]
-----> traduzindo texto [172]
-----> traduzindo texto [173]
-----> traduzindo texto [174]
-----> traduzindo texto [175]
-----> traduzindo texto [176]
-----> traduzindo texto [177]
-----> traduzindo texto [178]
-----> traduzindo texto [179]
-----> traduzindo texto [180]
-----> traduzindo texto [181]
-----> traduzindo texto [182]
-----> traduzindo texto [183]
-----> traduzindo texto [184]
-----> traduzindo texto [185]
-----> traduzindo texto [186]
-----> traduzindo texto [187]
-----> traduzindo texto [188]
-----> traduzindo texto [189]
-----> traduzindo texto [190]
-----> traduzindo texto [191]
-----> traduzindo texto [192]
-----> traduzindo texto [193]
-----> traduzindo texto [194]
-----> traduzindo texto [195]
-----> traduzindo texto [196]
-----> traduzindo texto [197]
-----> traduzindo texto [198]
-----> traduzindo texto [199]
-----> traduzindo texto [200]
-----> traduzindo texto [201]
-----> traduzindo texto [202]
-----> traduzindo texto [203]
-----> traduzindo texto [204]
-----> traduzindo texto [205]
-----> traduzindo texto [206]
-----> traduzindo texto [207]
-----> traduzindo texto [208]
-----> traduzindo texto [209]
-----> traduzindo texto [210]
-----> traduzindo texto [211]
-----> traduzindo texto [212]
-----> traduzindo texto [213]
-----> traduzindo texto [214]
-----> traduzindo texto [215]
-----> traduzindo texto [216]
-----> traduzindo texto [217]
-----> traduzindo texto [218]
-----> traduzindo texto [219]
-----> traduzindo texto [220]
-----> traduzindo texto [221]
-----> traduzindo texto [222]
-----> traduzindo texto [223]
-----> traduzindo texto [224]
-----> traduzindo texto [225]
-----> traduzindo texto [226]
-----> traduzindo texto [227]
-----> traduzindo texto [228]
-----> traduzindo texto [229]
-----> traduzindo texto [230]
-----> traduzindo texto [231]
-----> traduzindo texto [232]
-----> traduzindo texto [233]
-----> traduzindo texto [234]
-----> traduzindo texto [235]
-----> traduzindo texto [236]
-----> traduzindo texto [237]
-----> referências arq. [238]
-----> referências arq. [239]
-----> referências arq. [240]
-----> referências arq. [241]
-----> referências arq. [242]
-----> referências arq. [243]
-----> referências arq. [244]
-----> referências arq. [245]
-----> referências arq. [246]
-----> referências arq. [247]
-----> referências arq. [248]
-----> referências arq. [249]
-----> referências arq. [250]
-----> referências arq. [251]
-----> referências arq. [252]
-----> referências arq. [253]
-----> referências arq. [254]
-----> referências arq. [255]
-----> referências arq. [256]
-----> referências arq. [257]
-----> referências arq. [258]
-----> referências arq. [259]
-----> referências arq. [260]
-----> referências arq. [261]
-----> referências arq. [262]
-----> referências arq. [263]
-----> referências arq. [264]
-----> referências arq. [265]
-----> referências arq. [266]
-----> referências arq. [267]
-----> referências arq. [268]
-----> referências arq. [269]
-----> referências arq. [270]
-----> referências arq. [271]
-----> referências arq. [272]
-----> referências arq. [273]
-----> referências arq. [274]
-----> referências arq. [275]
-----> referências arq. [276]
-----> referências arq. [277]
-----> referências arq. [278]
-----> referências arq. [279]
-----> referências arq. [280]
-----> referências arq. [281]
-----> referências arq. [282]
-----> referências arq. [283]
